<?xml version="1.0" encoding="utf-8"?>
<shfbBuild product="Sandcastle Help File Builder and Tools" version="2023.3.4.0" projectFile="C:\Users\vitas\Desktop\TRPP\TRPP_Labs\Doc.shfbproj" started="12.04.2023 20:27:25">
<buildStep step="Initializing">
The Sandcastle tools are located in &#39;D:\Program Files (x86)\EWSoftware\Sandcastle Help File Builder&#39;
Locating components in the following folder(s):
    C:\Users\vitas\Desktop\TRPP\TRPP_Labs
    C:\ProgramData\EWSoftware\Sandcastle Help File Builder\Components and Plug-Ins
    D:\Program Files (x86)\EWSoftware\Sandcastle Help File Builder\Components
Using framework reflection data for &#39;.NET Framework 4.7.2&#39; located in &#39;D:\Program Files (x86)\EWSoftware\Sandcastle Help File Builder\Data\.NETFramework&#39;
Using presentation style &#39;Default2022&#39; located in &#39;D:\Program Files (x86)\EWSoftware\Sandcastle Help File Builder\Components\Default2022&#39;
Loading and initializing plug-ins...
Website Table of Contents Generator Version 2023.3.4.0
Copyright &#169; 2006-2023, Eric Woodruff, All Rights Reserved
-------------------------------
Clearing any prior web/markdown output...
</buildStep>
<buildStep step="ValidatingDocumentationSources">
Validating and copying documentation source information
    Last step completed in 00:00:00,0077
</buildStep>
<buildStep step="Failed">

SHFB: Error BE0039: The project does not have any documentation sources defined
   в SandcastleBuilder.Utils.BuildEngine.BuildProcess.ValidateDocumentationSources()
   в SandcastleBuilder.Utils.BuildEngine.BuildProcess.Build()

</buildStep>
</shfbBuild>
